<?xml version="1.0" encoding="UTF-8"?>
<testng-results ignored="0" total="3" passed="3" failed="0" skipped="0">
  <reporter-output>
  </reporter-output>
  <suite started-at="2024-12-03T23:20:04 IST" name="Default suite" finished-at="2024-12-03T23:20:53 IST" duration-ms="48940">
    <groups>
      <group name="cucumber">
        <method signature="AbstractTestNGCucumberTests.runScenario(io.cucumber.testng.PickleWrapper,io.cucumber.testng.FeatureWrapper)[pri:0, instance:runner.TestRunner@451001e5]" name="runScenario" class="io.cucumber.testng.AbstractTestNGCucumberTests"/>
      </group> <!-- cucumber -->
    </groups>
    <test started-at="2024-12-03T23:20:04 IST" name="Default test" finished-at="2024-12-03T23:20:53 IST" duration-ms="48940">
      <class name="runner.TestRunner">
        <test-method is-config="true" signature="setUpClass(org.testng.ITestContext)[pri:0, instance:runner.TestRunner@451001e5]" started-at="2024-12-03T23:20:04 IST" name="setUpClass" finished-at="2024-12-03T23:20:05 IST" duration-ms="608" status="PASS">
          <params>
            <param index="0">
              <value>
                <![CDATA[org.testng.TestRunner@423c5404]]>
              </value>
            </param>
          </params>
          <reporter-output>
          </reporter-output>
        </test-method> <!-- setUpClass -->
        <test-method signature="runScenario(io.cucumber.testng.PickleWrapper,io.cucumber.testng.FeatureWrapper)[pri:0, instance:runner.TestRunner@451001e5]" started-at="2024-12-03T23:20:05 IST" name="runScenario" description="Runs Cucumber Scenarios" data-provider="scenarios" finished-at="2024-12-03T23:20:21 IST" duration-ms="16238" status="PASS">
          <params>
            <param index="0">
              <value>
                <![CDATA["Search product on the home page by shortname"]]>
              </value>
            </param>
            <param index="1">
              <value>
                <![CDATA["Search Product Validation"]]>
              </value>
            </param>
          </params>
          <reporter-output>
          </reporter-output>
        </test-method> <!-- runScenario -->
        <test-method signature="runScenario(io.cucumber.testng.PickleWrapper,io.cucumber.testng.FeatureWrapper)[pri:0, instance:runner.TestRunner@451001e5]" started-at="2024-12-03T23:20:21 IST" name="runScenario" description="Runs Cucumber Scenarios" data-provider="scenarios" finished-at="2024-12-03T23:20:37 IST" duration-ms="16197" status="PASS">
          <params>
            <param index="0">
              <value>
                <![CDATA["Search product on the home page by shortname"]]>
              </value>
            </param>
            <param index="1">
              <value>
                <![CDATA["Search Product Validation"]]>
              </value>
            </param>
          </params>
          <reporter-output>
          </reporter-output>
        </test-method> <!-- runScenario -->
        <test-method signature="runScenario(io.cucumber.testng.PickleWrapper,io.cucumber.testng.FeatureWrapper)[pri:0, instance:runner.TestRunner@451001e5]" started-at="2024-12-03T23:20:37 IST" name="runScenario" description="Runs Cucumber Scenarios" data-provider="scenarios" finished-at="2024-12-03T23:20:53 IST" duration-ms="15689" status="PASS">
          <params>
            <param index="0">
              <value>
                <![CDATA["Search product on the home page by shortname"]]>
              </value>
            </param>
            <param index="1">
              <value>
                <![CDATA["Search Product Validation"]]>
              </value>
            </param>
          </params>
          <reporter-output>
          </reporter-output>
        </test-method> <!-- runScenario -->
        <test-method is-config="true" signature="tearDownClass()[pri:0, instance:runner.TestRunner@451001e5]" started-at="2024-12-03T23:20:53 IST" name="tearDownClass" finished-at="2024-12-03T23:20:53 IST" duration-ms="125" status="PASS">
          <reporter-output>
          </reporter-output>
        </test-method> <!-- tearDownClass -->
      </class> <!-- runner.TestRunner -->
    </test> <!-- Default test -->
  </suite> <!-- Default suite -->
</testng-results>
