<?xml version="1.0" encoding="UTF-8"?>
<!-- Generated by org.testng.reporters.JUnitReportReporter -->
<testsuite hostname="Masum" failures="0" tests="3" name="runner.TestRunner" time="48.124" errors="0" timestamp="2024-12-03T23:20:54 IST" skipped="0">
  <testcase classname="runner.TestRunner" name="runScenario" time="16.238"/>
  <testcase classname="runner.TestRunner" name="runScenario" time="15.689"/>
  <testcase classname="runner.TestRunner" name="runScenario" time="16.197"/>
</testsuite> <!-- runner.TestRunner -->
