<?xml version="1.0" encoding="UTF-8"?>
<testng-results ignored="0" total="1" passed="1" failed="0" skipped="0">
  <reporter-output>
  </reporter-output>
  <suite started-at="2024-11-20T04:02:36 IST" name="Surefire suite" finished-at="2024-11-20T04:02:52 IST" duration-ms="15862">
    <groups>
      <group name="cucumber">
        <method signature="AbstractTestNGCucumberTests.runScenario(io.cucumber.testng.PickleWrapper,io.cucumber.testng.FeatureWrapper)[pri:0, instance:runner.TestRunner@4d5b6aac]" name="runScenario" class="io.cucumber.testng.AbstractTestNGCucumberTests"/>
      </group> <!-- cucumber -->
    </groups>
    <test started-at="2024-11-20T04:02:36 IST" name="Surefire test" finished-at="2024-11-20T04:02:52 IST" duration-ms="15862">
      <class name="runner.TestRunner">
        <test-method is-config="true" signature="setUpClass(org.testng.ITestContext)[pri:0, instance:runner.TestRunner@4d5b6aac]" started-at="2024-11-20T04:02:36 IST" name="setUpClass" finished-at="2024-11-20T04:02:36 IST" duration-ms="361" status="PASS">
          <params>
            <param index="0">
              <value>
                <![CDATA[org.testng.TestRunner@1894e40d]]>
              </value>
            </param>
          </params>
          <reporter-output>
          </reporter-output>
        </test-method> <!-- setUpClass -->
        <test-method signature="runScenario(io.cucumber.testng.PickleWrapper,io.cucumber.testng.FeatureWrapper)[pri:0, instance:runner.TestRunner@4d5b6aac]" started-at="2024-11-20T04:02:36 IST" name="runScenario" description="Runs Cucumber Scenarios" data-provider="scenarios" finished-at="2024-11-20T04:02:52 IST" duration-ms="15346" status="PASS">
          <params>
            <param index="0">
              <value>
                <![CDATA["Search product on the home page by shortname"]]>
              </value>
            </param>
            <param index="1">
              <value>
                <![CDATA["Search Product Validation"]]>
              </value>
            </param>
          </params>
          <reporter-output>
          </reporter-output>
        </test-method> <!-- runScenario -->
        <test-method is-config="true" signature="tearDownClass()[pri:0, instance:runner.TestRunner@4d5b6aac]" started-at="2024-11-20T04:02:52 IST" name="tearDownClass" finished-at="2024-11-20T04:02:52 IST" duration-ms="109" status="PASS">
          <reporter-output>
          </reporter-output>
        </test-method> <!-- tearDownClass -->
      </class> <!-- runner.TestRunner -->
    </test> <!-- Surefire test -->
  </suite> <!-- Surefire suite -->
</testng-results>
